2020-02-15 05:54:12,731 - LOGLEVEL:DEBUG  MESSAGE:domain: localhost connected
2020-02-15 05:54:12,737 - LOGLEVEL:DEBUG  MESSAGE:From: binh@local.local
2020-02-15 05:54:12,746 - LOGLEVEL:DEBUG  MESSAGE:To: ['jame@test.com']
2020-02-15 05:54:12,746 - LOGLEVEL:DEBUG  MESSAGE:Accept sending OK
2020-02-15 05:54:12,746 - LOGLEVEL:DEBUG  MESSAGE:Additional data
2020-02-15 05:54:12,746 - LOGLEVEL:DEBUG  MESSAGE:Additional data
2020-02-15 05:54:12,747 - LOGLEVEL:DEBUG  MESSAGE:Additional data
2020-02-15 05:54:12,747 - LOGLEVEL:DEBUG  MESSAGE:Additional data
2020-02-15 05:54:12,747 - LOGLEVEL:DEBUG  MESSAGE:Additional data
2020-02-15 05:54:12,747 - LOGLEVEL:DEBUG  MESSAGE:Additional data
2020-02-15 05:54:12,747 - LOGLEVEL:DEBUG  MESSAGE:Additional data
2020-02-15 05:54:12,747 - LOGLEVEL:DEBUG  MESSAGE:Additional data
2020-02-15 05:54:12,747 - LOGLEVEL:DEBUG  MESSAGE:Additional data
2020-02-15 05:54:12,753 - LOGLEVEL:DEBUG  MESSAGE:Additional data
2020-02-15 05:54:12,755 - LOGLEVEL:DEBUG  MESSAGE:Additional data
2020-02-15 05:54:12,755 - LOGLEVEL:DEBUG  MESSAGE:Additional data
2020-02-15 05:54:12,755 - LOGLEVEL:DEBUG  MESSAGE:Additional data
2020-02-15 05:54:12,771 - LOGLEVEL:DEBUG  MESSAGE:Additional data
2020-02-15 05:54:12,771 - LOGLEVEL:DEBUG  MESSAGE:Additional data
2020-02-15 05:54:12,772 - LOGLEVEL:DEBUG  MESSAGE:Additional data
2020-02-15 05:54:12,772 - LOGLEVEL:DEBUG  MESSAGE:Additional data
2020-02-15 05:54:12,772 - LOGLEVEL:DEBUG  MESSAGE:Additional data
2020-02-15 05:54:12,772 - LOGLEVEL:DEBUG  MESSAGE:Additional data
2020-02-15 05:54:12,772 - LOGLEVEL:DEBUG  MESSAGE:Additional data
2020-02-15 05:54:12,772 - LOGLEVEL:DEBUG  MESSAGE:Additional data
2020-02-15 05:54:12,772 - LOGLEVEL:DEBUG  MESSAGE:Additional data
2020-02-15 05:54:12,772 - LOGLEVEL:DEBUG  MESSAGE:Additional data
2020-02-15 05:54:12,772 - LOGLEVEL:DEBUG  MESSAGE:Additional data
2020-02-15 05:54:12,772 - LOGLEVEL:DEBUG  MESSAGE:Additional data
2020-02-15 05:54:12,772 - LOGLEVEL:DEBUG  MESSAGE:Additional data
2020-02-15 05:54:12,772 - LOGLEVEL:DEBUG  MESSAGE:Additional data
2020-02-15 05:54:12,772 - LOGLEVEL:DEBUG  MESSAGE:Additional data
2020-02-15 05:54:12,772 - LOGLEVEL:DEBUG  MESSAGE:Additional data
2020-02-15 05:54:12,772 - LOGLEVEL:DEBUG  MESSAGE:Additional data
2020-02-15 05:54:12,772 - LOGLEVEL:DEBUG  MESSAGE:Additional data
2020-02-15 05:54:12,772 - LOGLEVEL:DEBUG  MESSAGE:Sending process ends
2020-02-15 05:54:12,775 - LOGLEVEL:DEBUG  MESSAGE:Disconnect..

2020-02-15 05:55:47,983 - LOGLEVEL:DEBUG  MESSAGE:domain: localhost connected
2020-02-15 05:55:47,985 - LOGLEVEL:DEBUG  MESSAGE:From: binh@local.local
2020-02-15 05:55:47,989 - LOGLEVEL:DEBUG  MESSAGE:To: ['a@b.cd']
2020-02-15 05:55:47,993 - LOGLEVEL:DEBUG  MESSAGE:Accept sending OK
2020-02-15 05:55:48,011 - LOGLEVEL:DEBUG  MESSAGE:Additional data
2020-02-15 05:55:48,012 - LOGLEVEL:DEBUG  MESSAGE:Additional data
2020-02-15 05:55:48,026 - LOGLEVEL:DEBUG  MESSAGE:Additional data
2020-02-15 05:55:48,027 - LOGLEVEL:DEBUG  MESSAGE:Additional data
2020-02-15 05:55:48,027 - LOGLEVEL:DEBUG  MESSAGE:Additional data
2020-02-15 05:55:48,027 - LOGLEVEL:DEBUG  MESSAGE:Additional data
2020-02-15 05:55:48,027 - LOGLEVEL:DEBUG  MESSAGE:Additional data
2020-02-15 05:55:48,027 - LOGLEVEL:DEBUG  MESSAGE:Additional data
2020-02-15 05:55:48,027 - LOGLEVEL:DEBUG  MESSAGE:Additional data
2020-02-15 05:55:48,027 - LOGLEVEL:DEBUG  MESSAGE:Additional data
2020-02-15 05:55:48,027 - LOGLEVEL:DEBUG  MESSAGE:Additional data
2020-02-15 05:55:48,027 - LOGLEVEL:DEBUG  MESSAGE:Additional data
2020-02-15 05:55:48,028 - LOGLEVEL:DEBUG  MESSAGE:Additional data
2020-02-15 05:55:48,028 - LOGLEVEL:DEBUG  MESSAGE:Additional data
2020-02-15 05:55:48,028 - LOGLEVEL:DEBUG  MESSAGE:Additional data
2020-02-15 05:55:48,028 - LOGLEVEL:DEBUG  MESSAGE:Additional data
2020-02-15 05:55:48,028 - LOGLEVEL:DEBUG  MESSAGE:Additional data
2020-02-15 05:55:48,028 - LOGLEVEL:DEBUG  MESSAGE:Additional data
2020-02-15 05:55:48,028 - LOGLEVEL:DEBUG  MESSAGE:Additional data
2020-02-15 05:55:48,028 - LOGLEVEL:DEBUG  MESSAGE:Additional data
2020-02-15 05:55:48,028 - LOGLEVEL:DEBUG  MESSAGE:Additional data
2020-02-15 05:55:48,028 - LOGLEVEL:DEBUG  MESSAGE:Additional data
2020-02-15 05:55:48,028 - LOGLEVEL:DEBUG  MESSAGE:Additional data
2020-02-15 05:55:48,028 - LOGLEVEL:DEBUG  MESSAGE:Additional data
2020-02-15 05:55:48,028 - LOGLEVEL:DEBUG  MESSAGE:Additional data
2020-02-15 05:55:48,028 - LOGLEVEL:DEBUG  MESSAGE:Additional data
2020-02-15 05:55:48,028 - LOGLEVEL:DEBUG  MESSAGE:Additional data
2020-02-15 05:55:48,028 - LOGLEVEL:DEBUG  MESSAGE:Additional data
2020-02-15 05:55:48,028 - LOGLEVEL:DEBUG  MESSAGE:Additional data
2020-02-15 05:55:48,028 - LOGLEVEL:DEBUG  MESSAGE:Sending process ends
2020-02-15 05:55:48,030 - LOGLEVEL:DEBUG  MESSAGE:Disconnect..

2020-02-15 06:02:43,499 - LOGLEVEL:DEBUG  MESSAGE:domain: localhost connected
2020-02-15 06:02:43,507 - LOGLEVEL:DEBUG  MESSAGE:From: binh@local.local
2020-02-15 06:02:43,516 - LOGLEVEL:DEBUG  MESSAGE:To: ['tmp@tmp.tmp']
2020-02-15 06:02:43,524 - LOGLEVEL:DEBUG  MESSAGE:Accept sending OK
2020-02-15 06:02:43,530 - LOGLEVEL:DEBUG  MESSAGE:Additional data
2020-02-15 06:02:43,533 - LOGLEVEL:DEBUG  MESSAGE:Additional data
2020-02-15 06:02:43,536 - LOGLEVEL:DEBUG  MESSAGE:Additional data
2020-02-15 06:02:43,541 - LOGLEVEL:DEBUG  MESSAGE:Additional data
2020-02-15 06:02:43,544 - LOGLEVEL:DEBUG  MESSAGE:Additional data
2020-02-15 06:02:43,548 - LOGLEVEL:DEBUG  MESSAGE:Additional data
2020-02-15 06:02:43,555 - LOGLEVEL:DEBUG  MESSAGE:Additional data
2020-02-15 06:02:43,562 - LOGLEVEL:DEBUG  MESSAGE:Additional data
2020-02-15 06:02:43,567 - LOGLEVEL:DEBUG  MESSAGE:Additional data
2020-02-15 06:02:43,569 - LOGLEVEL:DEBUG  MESSAGE:Additional data
2020-02-15 06:02:43,572 - LOGLEVEL:DEBUG  MESSAGE:Additional data
2020-02-15 06:02:43,575 - LOGLEVEL:DEBUG  MESSAGE:Additional data
2020-02-15 06:02:43,581 - LOGLEVEL:DEBUG  MESSAGE:Additional data
2020-02-15 06:02:43,582 - LOGLEVEL:DEBUG  MESSAGE:Additional data
2020-02-15 06:02:43,582 - LOGLEVEL:DEBUG  MESSAGE:Additional data
2020-02-15 06:02:43,582 - LOGLEVEL:DEBUG  MESSAGE:Additional data
2020-02-15 06:02:43,583 - LOGLEVEL:DEBUG  MESSAGE:Additional data
2020-02-15 06:02:43,585 - LOGLEVEL:DEBUG  MESSAGE:Additional data
2020-02-15 06:02:43,587 - LOGLEVEL:DEBUG  MESSAGE:Additional data
2020-02-15 06:02:43,597 - LOGLEVEL:DEBUG  MESSAGE:Additional data
2020-02-15 06:02:43,605 - LOGLEVEL:DEBUG  MESSAGE:Additional data
2020-02-15 06:02:43,607 - LOGLEVEL:DEBUG  MESSAGE:Additional data
2020-02-15 06:02:43,612 - LOGLEVEL:DEBUG  MESSAGE:Additional data
2020-02-15 06:02:43,618 - LOGLEVEL:DEBUG  MESSAGE:Additional data
2020-02-15 06:02:43,621 - LOGLEVEL:DEBUG  MESSAGE:Additional data
2020-02-15 06:02:43,625 - LOGLEVEL:DEBUG  MESSAGE:Additional data
2020-02-15 06:02:43,637 - LOGLEVEL:DEBUG  MESSAGE:Additional data
2020-02-15 06:02:43,639 - LOGLEVEL:DEBUG  MESSAGE:Additional data
2020-02-15 06:02:43,641 - LOGLEVEL:DEBUG  MESSAGE:Additional data
2020-02-15 06:02:43,647 - LOGLEVEL:DEBUG  MESSAGE:Sending process ends
2020-02-15 06:02:43,661 - LOGLEVEL:DEBUG  MESSAGE:Disconnect..

2020-02-15 06:05:03,249 - LOGLEVEL:DEBUG  MESSAGE:domain: localhost connected
2020-02-15 06:05:03,251 - LOGLEVEL:DEBUG  MESSAGE:From: binh@local.local
2020-02-15 06:05:03,253 - LOGLEVEL:DEBUG  MESSAGE:To: ['ok@tmp.ro']
2020-02-15 06:05:03,255 - LOGLEVEL:DEBUG  MESSAGE:Accept sending OK
2020-02-15 06:05:03,272 - LOGLEVEL:DEBUG  MESSAGE:Additional data
2020-02-15 06:05:03,287 - LOGLEVEL:DEBUG  MESSAGE:Additional data
2020-02-15 06:05:03,287 - LOGLEVEL:DEBUG  MESSAGE:Additional data
2020-02-15 06:05:03,287 - LOGLEVEL:DEBUG  MESSAGE:Additional data
2020-02-15 06:05:03,288 - LOGLEVEL:DEBUG  MESSAGE:Additional data
2020-02-15 06:05:03,288 - LOGLEVEL:DEBUG  MESSAGE:Additional data
2020-02-15 06:05:03,288 - LOGLEVEL:DEBUG  MESSAGE:Additional data
2020-02-15 06:05:03,288 - LOGLEVEL:DEBUG  MESSAGE:Additional data
2020-02-15 06:05:03,288 - LOGLEVEL:DEBUG  MESSAGE:Additional data
2020-02-15 06:05:03,288 - LOGLEVEL:DEBUG  MESSAGE:Additional data
2020-02-15 06:05:03,288 - LOGLEVEL:DEBUG  MESSAGE:Additional data
2020-02-15 06:05:03,288 - LOGLEVEL:DEBUG  MESSAGE:Additional data
2020-02-15 06:05:03,288 - LOGLEVEL:DEBUG  MESSAGE:Additional data
2020-02-15 06:05:03,288 - LOGLEVEL:DEBUG  MESSAGE:Additional data
2020-02-15 06:05:03,288 - LOGLEVEL:DEBUG  MESSAGE:Additional data
2020-02-15 06:05:03,288 - LOGLEVEL:DEBUG  MESSAGE:Additional data
2020-02-15 06:05:03,288 - LOGLEVEL:DEBUG  MESSAGE:Additional data
2020-02-15 06:05:03,288 - LOGLEVEL:DEBUG  MESSAGE:Additional data
2020-02-15 06:05:03,288 - LOGLEVEL:DEBUG  MESSAGE:Additional data
2020-02-15 06:05:03,288 - LOGLEVEL:DEBUG  MESSAGE:Additional data
2020-02-15 06:05:03,288 - LOGLEVEL:DEBUG  MESSAGE:Additional data
2020-02-15 06:05:03,288 - LOGLEVEL:DEBUG  MESSAGE:Additional data
2020-02-15 06:05:03,288 - LOGLEVEL:DEBUG  MESSAGE:Additional data
2020-02-15 06:05:03,288 - LOGLEVEL:DEBUG  MESSAGE:Additional data
2020-02-15 06:05:03,288 - LOGLEVEL:DEBUG  MESSAGE:Additional data
2020-02-15 06:05:03,288 - LOGLEVEL:DEBUG  MESSAGE:Additional data
2020-02-15 06:05:03,289 - LOGLEVEL:DEBUG  MESSAGE:Additional data
2020-02-15 06:05:03,289 - LOGLEVEL:DEBUG  MESSAGE:Additional data
2020-02-15 06:05:03,289 - LOGLEVEL:DEBUG  MESSAGE:Additional data
2020-02-15 06:05:03,289 - LOGLEVEL:DEBUG  MESSAGE:Sending process ends
2020-02-15 06:05:03,293 - LOGLEVEL:DEBUG  MESSAGE:Disconnect..

2020-02-15 06:07:17,984 - LOGLEVEL:DEBUG  MESSAGE:domain: localhost connected
2020-02-15 06:07:17,986 - LOGLEVEL:DEBUG  MESSAGE:From: binh@local.local
2020-02-15 06:07:18,007 - LOGLEVEL:DEBUG  MESSAGE:To: ['ok@test.ru']
2020-02-15 06:07:18,009 - LOGLEVEL:DEBUG  MESSAGE:Accept sending OK
2020-02-15 06:07:18,010 - LOGLEVEL:DEBUG  MESSAGE:Additional data
2020-02-15 06:07:18,023 - LOGLEVEL:DEBUG  MESSAGE:Additional data
2020-02-15 06:07:18,023 - LOGLEVEL:DEBUG  MESSAGE:Additional data
2020-02-15 06:07:18,024 - LOGLEVEL:DEBUG  MESSAGE:Additional data
2020-02-15 06:07:18,024 - LOGLEVEL:DEBUG  MESSAGE:Additional data
2020-02-15 06:07:18,024 - LOGLEVEL:DEBUG  MESSAGE:Additional data
2020-02-15 06:07:18,024 - LOGLEVEL:DEBUG  MESSAGE:Additional data
2020-02-15 06:07:18,024 - LOGLEVEL:DEBUG  MESSAGE:Additional data
2020-02-15 06:07:18,024 - LOGLEVEL:DEBUG  MESSAGE:Additional data
2020-02-15 06:07:18,024 - LOGLEVEL:DEBUG  MESSAGE:Additional data
2020-02-15 06:07:18,024 - LOGLEVEL:DEBUG  MESSAGE:Additional data
2020-02-15 06:07:18,024 - LOGLEVEL:DEBUG  MESSAGE:Additional data
2020-02-15 06:07:18,024 - LOGLEVEL:DEBUG  MESSAGE:Additional data
2020-02-15 06:07:18,024 - LOGLEVEL:DEBUG  MESSAGE:Additional data
2020-02-15 06:07:18,025 - LOGLEVEL:DEBUG  MESSAGE:Additional data
2020-02-15 06:07:18,026 - LOGLEVEL:DEBUG  MESSAGE:Additional data
2020-02-15 06:07:18,028 - LOGLEVEL:DEBUG  MESSAGE:Additional data
2020-02-15 06:07:18,028 - LOGLEVEL:DEBUG  MESSAGE:Additional data
2020-02-15 06:07:18,029 - LOGLEVEL:DEBUG  MESSAGE:Additional data
2020-02-15 06:07:18,031 - LOGLEVEL:DEBUG  MESSAGE:Additional data
2020-02-15 06:07:18,032 - LOGLEVEL:DEBUG  MESSAGE:Additional data
2020-02-15 06:07:18,032 - LOGLEVEL:DEBUG  MESSAGE:Additional data
2020-02-15 06:07:18,032 - LOGLEVEL:DEBUG  MESSAGE:Additional data
2020-02-15 06:07:18,033 - LOGLEVEL:DEBUG  MESSAGE:Additional data
2020-02-15 06:07:18,033 - LOGLEVEL:DEBUG  MESSAGE:Additional data
2020-02-15 06:07:18,033 - LOGLEVEL:DEBUG  MESSAGE:Additional data
2020-02-15 06:07:18,033 - LOGLEVEL:DEBUG  MESSAGE:Additional data
2020-02-15 06:07:18,034 - LOGLEVEL:DEBUG  MESSAGE:Additional data
2020-02-15 06:07:18,034 - LOGLEVEL:DEBUG  MESSAGE:Additional data
2020-02-15 06:07:18,034 - LOGLEVEL:DEBUG  MESSAGE:Sending process ends
2020-02-15 06:07:18,034 - LOGLEVEL:DEBUG  MESSAGE:Disconnect..

2020-02-15 06:11:34,979 - LOGLEVEL:DEBUG  MESSAGE:domain: localhost connected
2020-02-15 06:11:34,983 - LOGLEVEL:DEBUG  MESSAGE:From: binh@local.local
2020-02-15 06:11:34,987 - LOGLEVEL:DEBUG  MESSAGE:To: ['ok@ok.ok']
2020-02-15 06:11:34,990 - LOGLEVEL:DEBUG  MESSAGE:Accept sending OK
2020-02-15 06:11:34,998 - LOGLEVEL:DEBUG  MESSAGE:Additional data
2020-02-15 06:11:34,999 - LOGLEVEL:DEBUG  MESSAGE:Additional data
2020-02-15 06:11:34,999 - LOGLEVEL:DEBUG  MESSAGE:Additional data
2020-02-15 06:11:34,999 - LOGLEVEL:DEBUG  MESSAGE:Additional data
2020-02-15 06:11:34,999 - LOGLEVEL:DEBUG  MESSAGE:Additional data
2020-02-15 06:11:34,999 - LOGLEVEL:DEBUG  MESSAGE:Additional data
2020-02-15 06:11:34,999 - LOGLEVEL:DEBUG  MESSAGE:Additional data
2020-02-15 06:11:35,001 - LOGLEVEL:DEBUG  MESSAGE:Additional data
2020-02-15 06:11:35,005 - LOGLEVEL:DEBUG  MESSAGE:Additional data
2020-02-15 06:11:35,006 - LOGLEVEL:DEBUG  MESSAGE:Additional data
2020-02-15 06:11:35,019 - LOGLEVEL:DEBUG  MESSAGE:Additional data
2020-02-15 06:11:35,021 - LOGLEVEL:DEBUG  MESSAGE:Additional data
2020-02-15 06:11:35,023 - LOGLEVEL:DEBUG  MESSAGE:Additional data
2020-02-15 06:11:35,024 - LOGLEVEL:DEBUG  MESSAGE:Additional data
2020-02-15 06:11:35,024 - LOGLEVEL:DEBUG  MESSAGE:Additional data
2020-02-15 06:11:35,024 - LOGLEVEL:DEBUG  MESSAGE:Additional data
2020-02-15 06:11:35,024 - LOGLEVEL:DEBUG  MESSAGE:Additional data
2020-02-15 06:11:35,032 - LOGLEVEL:DEBUG  MESSAGE:Additional data
2020-02-15 06:11:35,034 - LOGLEVEL:DEBUG  MESSAGE:Additional data
2020-02-15 06:11:35,036 - LOGLEVEL:DEBUG  MESSAGE:Additional data
2020-02-15 06:11:35,039 - LOGLEVEL:DEBUG  MESSAGE:Additional data
2020-02-15 06:11:35,039 - LOGLEVEL:DEBUG  MESSAGE:Additional data
2020-02-15 06:11:35,039 - LOGLEVEL:DEBUG  MESSAGE:Additional data
2020-02-15 06:11:35,040 - LOGLEVEL:DEBUG  MESSAGE:Additional data
2020-02-15 06:11:35,040 - LOGLEVEL:DEBUG  MESSAGE:Additional data
2020-02-15 06:11:35,040 - LOGLEVEL:DEBUG  MESSAGE:Additional data
2020-02-15 06:11:35,041 - LOGLEVEL:DEBUG  MESSAGE:Additional data
2020-02-15 06:11:35,041 - LOGLEVEL:DEBUG  MESSAGE:Additional data
2020-02-15 06:11:35,041 - LOGLEVEL:DEBUG  MESSAGE:Additional data
2020-02-15 06:11:35,041 - LOGLEVEL:DEBUG  MESSAGE:Additional data
2020-02-15 06:11:35,041 - LOGLEVEL:DEBUG  MESSAGE:Additional data
2020-02-15 06:11:35,041 - LOGLEVEL:DEBUG  MESSAGE:Additional data
2020-02-15 06:11:35,042 - LOGLEVEL:DEBUG  MESSAGE:Additional data
2020-02-15 06:11:35,046 - LOGLEVEL:DEBUG  MESSAGE:Additional data
2020-02-15 06:11:35,046 - LOGLEVEL:DEBUG  MESSAGE:Additional data
2020-02-15 06:11:35,048 - LOGLEVEL:DEBUG  MESSAGE:Additional data
2020-02-15 06:11:35,048 - LOGLEVEL:DEBUG  MESSAGE:Additional data
2020-02-15 06:11:35,048 - LOGLEVEL:DEBUG  MESSAGE:Additional data
2020-02-15 06:11:35,052 - LOGLEVEL:DEBUG  MESSAGE:Additional data
2020-02-15 06:11:35,054 - LOGLEVEL:DEBUG  MESSAGE:Additional data
2020-02-15 06:11:35,054 - LOGLEVEL:DEBUG  MESSAGE:Additional data
2020-02-15 06:11:35,055 - LOGLEVEL:DEBUG  MESSAGE:Additional data
2020-02-15 06:11:35,056 - LOGLEVEL:DEBUG  MESSAGE:Additional data
2020-02-15 06:11:35,059 - LOGLEVEL:DEBUG  MESSAGE:Additional data
2020-02-15 06:11:35,067 - LOGLEVEL:DEBUG  MESSAGE:Additional data
2020-02-15 06:11:35,068 - LOGLEVEL:DEBUG  MESSAGE:Additional data
2020-02-15 06:11:35,068 - LOGLEVEL:DEBUG  MESSAGE:Additional data
2020-02-15 06:11:35,068 - LOGLEVEL:DEBUG  MESSAGE:Additional data
2020-02-15 06:11:35,068 - LOGLEVEL:DEBUG  MESSAGE:Additional data
2020-02-15 06:11:35,068 - LOGLEVEL:DEBUG  MESSAGE:Additional data
2020-02-15 06:11:35,068 - LOGLEVEL:DEBUG  MESSAGE:Additional data
2020-02-15 06:11:35,068 - LOGLEVEL:DEBUG  MESSAGE:Additional data
2020-02-15 06:11:35,069 - LOGLEVEL:DEBUG  MESSAGE:Additional data
2020-02-15 06:11:35,073 - LOGLEVEL:DEBUG  MESSAGE:Additional data
2020-02-15 06:11:35,075 - LOGLEVEL:DEBUG  MESSAGE:Additional data
2020-02-15 06:11:35,075 - LOGLEVEL:DEBUG  MESSAGE:Additional data
2020-02-15 06:11:35,075 - LOGLEVEL:DEBUG  MESSAGE:Additional data
2020-02-15 06:11:35,076 - LOGLEVEL:DEBUG  MESSAGE:Additional data
2020-02-15 06:11:35,078 - LOGLEVEL:DEBUG  MESSAGE:Sending process ends
2020-02-15 06:11:35,083 - LOGLEVEL:DEBUG  MESSAGE:Disconnect..

2020-02-15 06:13:33,010 - LOGLEVEL:DEBUG  MESSAGE:domain: localhost connected
2020-02-15 06:13:33,011 - LOGLEVEL:DEBUG  MESSAGE:From: binh@local.local
2020-02-15 06:13:33,013 - LOGLEVEL:DEBUG  MESSAGE:To: ['main@g.r']
2020-02-15 06:13:33,015 - LOGLEVEL:DEBUG  MESSAGE:Accept sending OK
2020-02-15 06:13:33,038 - LOGLEVEL:DEBUG  MESSAGE:Additional data
2020-02-15 06:13:33,053 - LOGLEVEL:DEBUG  MESSAGE:Additional data
2020-02-15 06:13:33,054 - LOGLEVEL:DEBUG  MESSAGE:Additional data
2020-02-15 06:13:33,054 - LOGLEVEL:DEBUG  MESSAGE:Additional data
2020-02-15 06:13:33,055 - LOGLEVEL:DEBUG  MESSAGE:Additional data
2020-02-15 06:13:33,055 - LOGLEVEL:DEBUG  MESSAGE:Additional data
2020-02-15 06:13:33,055 - LOGLEVEL:DEBUG  MESSAGE:Additional data
2020-02-15 06:13:33,055 - LOGLEVEL:DEBUG  MESSAGE:Additional data
2020-02-15 06:13:33,060 - LOGLEVEL:DEBUG  MESSAGE:Additional data
2020-02-15 06:13:33,061 - LOGLEVEL:DEBUG  MESSAGE:Additional data
2020-02-15 06:13:33,063 - LOGLEVEL:DEBUG  MESSAGE:Additional data
2020-02-15 06:13:33,063 - LOGLEVEL:DEBUG  MESSAGE:Additional data
2020-02-15 06:13:33,063 - LOGLEVEL:DEBUG  MESSAGE:Additional data
2020-02-15 06:13:33,063 - LOGLEVEL:DEBUG  MESSAGE:Additional data
2020-02-15 06:13:33,063 - LOGLEVEL:DEBUG  MESSAGE:Additional data
2020-02-15 06:13:33,063 - LOGLEVEL:DEBUG  MESSAGE:Additional data
2020-02-15 06:13:33,064 - LOGLEVEL:DEBUG  MESSAGE:Additional data
2020-02-15 06:13:33,065 - LOGLEVEL:DEBUG  MESSAGE:Additional data
2020-02-15 06:13:33,065 - LOGLEVEL:DEBUG  MESSAGE:Additional data
2020-02-15 06:13:33,065 - LOGLEVEL:DEBUG  MESSAGE:Additional data
2020-02-15 06:13:33,065 - LOGLEVEL:DEBUG  MESSAGE:Additional data
2020-02-15 06:13:33,066 - LOGLEVEL:DEBUG  MESSAGE:Additional data
2020-02-15 06:13:33,066 - LOGLEVEL:DEBUG  MESSAGE:Additional data
2020-02-15 06:13:33,066 - LOGLEVEL:DEBUG  MESSAGE:Additional data
2020-02-15 06:13:33,066 - LOGLEVEL:DEBUG  MESSAGE:Additional data
2020-02-15 06:13:33,066 - LOGLEVEL:DEBUG  MESSAGE:Additional data
2020-02-15 06:13:33,066 - LOGLEVEL:DEBUG  MESSAGE:Additional data
2020-02-15 06:13:33,066 - LOGLEVEL:DEBUG  MESSAGE:Additional data
2020-02-15 06:13:33,067 - LOGLEVEL:DEBUG  MESSAGE:Additional data
2020-02-15 06:13:33,067 - LOGLEVEL:DEBUG  MESSAGE:Additional data
2020-02-15 06:13:33,067 - LOGLEVEL:DEBUG  MESSAGE:Additional data
2020-02-15 06:13:33,067 - LOGLEVEL:DEBUG  MESSAGE:Additional data
2020-02-15 06:13:33,067 - LOGLEVEL:DEBUG  MESSAGE:Additional data
2020-02-15 06:13:33,068 - LOGLEVEL:DEBUG  MESSAGE:Additional data
2020-02-15 06:13:33,068 - LOGLEVEL:DEBUG  MESSAGE:Additional data
2020-02-15 06:13:33,069 - LOGLEVEL:DEBUG  MESSAGE:Additional data
2020-02-15 06:13:33,069 - LOGLEVEL:DEBUG  MESSAGE:Additional data
2020-02-15 06:13:33,069 - LOGLEVEL:DEBUG  MESSAGE:Additional data
2020-02-15 06:13:33,069 - LOGLEVEL:DEBUG  MESSAGE:Additional data
2020-02-15 06:13:33,070 - LOGLEVEL:DEBUG  MESSAGE:Additional data
2020-02-15 06:13:33,070 - LOGLEVEL:DEBUG  MESSAGE:Additional data
2020-02-15 06:13:33,070 - LOGLEVEL:DEBUG  MESSAGE:Additional data
2020-02-15 06:13:33,091 - LOGLEVEL:DEBUG  MESSAGE:Additional data
2020-02-15 06:13:33,091 - LOGLEVEL:DEBUG  MESSAGE:Additional data
2020-02-15 06:13:33,092 - LOGLEVEL:DEBUG  MESSAGE:Additional data
2020-02-15 06:13:33,092 - LOGLEVEL:DEBUG  MESSAGE:Additional data
2020-02-15 06:13:33,092 - LOGLEVEL:DEBUG  MESSAGE:Additional data
2020-02-15 06:13:33,092 - LOGLEVEL:DEBUG  MESSAGE:Additional data
2020-02-15 06:13:33,092 - LOGLEVEL:DEBUG  MESSAGE:Additional data
2020-02-15 06:13:33,092 - LOGLEVEL:DEBUG  MESSAGE:Additional data
2020-02-15 06:13:33,092 - LOGLEVEL:DEBUG  MESSAGE:Additional data
2020-02-15 06:13:33,093 - LOGLEVEL:DEBUG  MESSAGE:Additional data
2020-02-15 06:13:33,093 - LOGLEVEL:DEBUG  MESSAGE:Additional data
2020-02-15 06:13:33,093 - LOGLEVEL:DEBUG  MESSAGE:Additional data
2020-02-15 06:13:33,093 - LOGLEVEL:DEBUG  MESSAGE:Additional data
2020-02-15 06:13:33,093 - LOGLEVEL:DEBUG  MESSAGE:Additional data
2020-02-15 06:13:33,093 - LOGLEVEL:DEBUG  MESSAGE:Additional data
2020-02-15 06:13:33,093 - LOGLEVEL:DEBUG  MESSAGE:Additional data
2020-02-15 06:13:33,093 - LOGLEVEL:DEBUG  MESSAGE:Sending process ends
2020-02-15 06:13:33,096 - LOGLEVEL:DEBUG  MESSAGE:Disconnect..

2020-02-15 06:15:04,709 - LOGLEVEL:DEBUG  MESSAGE:domain: localhost connected
2020-02-15 06:15:04,710 - LOGLEVEL:DEBUG  MESSAGE:From: binh@local.local
2020-02-15 06:15:04,715 - LOGLEVEL:DEBUG  MESSAGE:To: ['a@b.c']
2020-02-15 06:15:04,718 - LOGLEVEL:DEBUG  MESSAGE:Accept sending OK
2020-02-15 06:15:04,722 - LOGLEVEL:DEBUG  MESSAGE:Additional data
2020-02-15 06:15:04,723 - LOGLEVEL:DEBUG  MESSAGE:Additional data
2020-02-15 06:15:04,727 - LOGLEVEL:DEBUG  MESSAGE:Additional data
2020-02-15 06:15:04,737 - LOGLEVEL:DEBUG  MESSAGE:Additional data
2020-02-15 06:15:04,738 - LOGLEVEL:DEBUG  MESSAGE:Additional data
2020-02-15 06:15:04,738 - LOGLEVEL:DEBUG  MESSAGE:Additional data
2020-02-15 06:15:04,738 - LOGLEVEL:DEBUG  MESSAGE:Additional data
2020-02-15 06:15:04,738 - LOGLEVEL:DEBUG  MESSAGE:Additional data
2020-02-15 06:15:04,738 - LOGLEVEL:DEBUG  MESSAGE:Additional data
2020-02-15 06:15:04,739 - LOGLEVEL:DEBUG  MESSAGE:Additional data
2020-02-15 06:15:04,740 - LOGLEVEL:DEBUG  MESSAGE:Additional data
2020-02-15 06:15:04,740 - LOGLEVEL:DEBUG  MESSAGE:Additional data
2020-02-15 06:15:04,740 - LOGLEVEL:DEBUG  MESSAGE:Additional data
2020-02-15 06:15:04,740 - LOGLEVEL:DEBUG  MESSAGE:Additional data
2020-02-15 06:15:04,740 - LOGLEVEL:DEBUG  MESSAGE:Additional data
2020-02-15 06:15:04,740 - LOGLEVEL:DEBUG  MESSAGE:Additional data
2020-02-15 06:15:04,755 - LOGLEVEL:DEBUG  MESSAGE:Additional data
2020-02-15 06:15:04,756 - LOGLEVEL:DEBUG  MESSAGE:Additional data
2020-02-15 06:15:04,756 - LOGLEVEL:DEBUG  MESSAGE:Additional data
2020-02-15 06:15:04,756 - LOGLEVEL:DEBUG  MESSAGE:Additional data
2020-02-15 06:15:04,756 - LOGLEVEL:DEBUG  MESSAGE:Additional data
2020-02-15 06:15:04,756 - LOGLEVEL:DEBUG  MESSAGE:Additional data
2020-02-15 06:15:04,756 - LOGLEVEL:DEBUG  MESSAGE:Additional data
2020-02-15 06:15:04,757 - LOGLEVEL:DEBUG  MESSAGE:Additional data
2020-02-15 06:15:04,757 - LOGLEVEL:DEBUG  MESSAGE:Additional data
2020-02-15 06:15:04,757 - LOGLEVEL:DEBUG  MESSAGE:Additional data
2020-02-15 06:15:04,757 - LOGLEVEL:DEBUG  MESSAGE:Additional data
2020-02-15 06:15:04,757 - LOGLEVEL:DEBUG  MESSAGE:Additional data
2020-02-15 06:15:04,757 - LOGLEVEL:DEBUG  MESSAGE:Additional data
2020-02-15 06:15:04,757 - LOGLEVEL:DEBUG  MESSAGE:Sending process ends
2020-02-15 06:15:04,759 - LOGLEVEL:DEBUG  MESSAGE:Disconnect..

