2020-01-11 07:13:34,424 - LOGLEVEL:DEBUG  MESSAGE:Server socket initiated on port: 2556
2020-01-11 07:13:34,430 - LOGLEVEL:DEBUG  MESSAGE:Started 5 threads
2020-01-11 07:30:58,059 - LOGLEVEL:DEBUG  MESSAGE:Server socket initiated on port: 2556
2020-01-11 07:30:58,059 - LOGLEVEL:DEBUG  MESSAGE:Started 5 threads
2020-01-11 07:57:18,855 - LOGLEVEL:DEBUG  MESSAGE:Server socket initiated on port: 2556
2020-01-11 07:57:18,863 - LOGLEVEL:DEBUG  MESSAGE:Started 5 threads2020-01-11 12:45:17,908 - LOGLEVEL:DEBUG  MESSAGE:Server socket initiated on port: 2556
2020-01-11 12:45:17,914 - LOGLEVEL:DEBUG  MESSAGE:Started 5 processes
2020-01-11 12:49:35,157 - LOGLEVEL:DEBUG  MESSAGE:Server socket initiated on port: 2556
2020-01-11 12:49:35,162 - LOGLEVEL:DEBUG  MESSAGE:Started 5 processes
2020-01-11 12:51:36,729 - LOGLEVEL:DEBUG  MESSAGE:Server socket initiated on port: 2556
2020-01-11 12:51:36,747 - LOGLEVEL:DEBUG  MESSAGE:Started 5 processes
2020-01-11 12:54:41,260 - LOGLEVEL:DEBUG  MESSAGE:Server socket initiated on port: 2556
2020-01-11 12:54:41,265 - LOGLEVEL:DEBUG  MESSAGE:Started 5 processes
2020-01-11 12:56:13,819 - LOGLEVEL:DEBUG  MESSAGE:Server socket initiated on port: 2556
2020-01-11 12:56:13,825 - LOGLEVEL:DEBUG  MESSAGE:Started 5 processes
2020-01-11 12:57:18,064 - LOGLEVEL:DEBUG  MESSAGE:Server socket initiated on port: 2556
2020-01-11 12:57:18,070 - LOGLEVEL:DEBUG  MESSAGE:Started 5 processes
2020-01-11 13:02:06.755699 LOGLEVEL:DEBUG MESSAGE:Server socket initiated on port: 2556
2020-01-11 13:02:06.762139 LOGLEVEL:DEBUG MESSAGE:Started 5 processes
2020-01-11 13:02:53.570901 LOGLEVEL:DEBUG MESSAGE:Using graph engine <class 'transitions.extensions.diagrams_pygraphviz.Graph'>
2020-01-11 13:02:53.587835 LOGLEVEL:DEBUG MESSAGE:Initiating transition from state greeting_write to state helo...
2020-01-11 13:02:53.588127 LOGLEVEL:DEBUG MESSAGE:Executed callback 'GREETING_write_handler' before transition.
2020-01-11 13:02:53.589115 LOGLEVEL:DEBUG MESSAGE:Exiting state greeting_write. Processing callbacks...
2020-01-11 13:02:53.589220 LOGLEVEL:INFO MESSAGE:Exited state greeting_write
2020-01-11 13:02:53.589293 LOGLEVEL:DEBUG MESSAGE:Entering state helo. Processing callbacks...
2020-01-11 13:02:53.589350 LOGLEVEL:INFO MESSAGE:Entered state helo
2020-01-11 13:02:53.589793 LOGLEVEL:DEBUG MESSAGE:Initiating transition from state helo to state helo_write...
2020-01-11 13:02:53.590203 LOGLEVEL:DEBUG MESSAGE:Executed callback 'HELO_handler' before transition.
2020-01-11 13:02:53.591153 LOGLEVEL:DEBUG MESSAGE:Exiting state helo. Processing callbacks...
2020-01-11 13:02:53.591216 LOGLEVEL:INFO MESSAGE:Exited state helo
2020-01-11 13:02:53.591275 LOGLEVEL:DEBUG MESSAGE:Entering state helo_write. Processing callbacks...
2020-01-11 13:02:53.591326 LOGLEVEL:INFO MESSAGE:Entered state helo_write
2020-01-11 13:02:53.591397 LOGLEVEL:DEBUG MESSAGE:Initiating transition from state helo_write to state mail_from...
2020-01-11 13:02:53.591886 LOGLEVEL:DEBUG MESSAGE:domain: localhost connected
2020-01-11 13:02:53.592088 LOGLEVEL:DEBUG MESSAGE:Executed callback 'HELO_write_handler' before transition.
2020-01-11 13:02:53.593280 LOGLEVEL:DEBUG MESSAGE:Exiting state helo_write. Processing callbacks...
2020-01-11 13:02:53.593379 LOGLEVEL:INFO MESSAGE:Exited state helo_write
2020-01-11 13:02:53.593453 LOGLEVEL:DEBUG MESSAGE:Entering state mail_from. Processing callbacks...
2020-01-11 13:02:53.593515 LOGLEVEL:INFO MESSAGE:Entered state mail_from
2020-01-11 13:02:53.593999 LOGLEVEL:DEBUG MESSAGE:Initiating transition from state mail_from to state mail_from_write...
2020-01-11 13:02:53.594122 LOGLEVEL:DEBUG MESSAGE:Executed callback 'MAIL_FROM_handler' before transition.
2020-01-11 13:02:53.595092 LOGLEVEL:DEBUG MESSAGE:Exiting state mail_from. Processing callbacks...
2020-01-11 13:02:53.595774 LOGLEVEL:DEBUG MESSAGE:f: binh@local.local mail from
2020-01-11 13:02:53.595160 LOGLEVEL:INFO MESSAGE:Exited state mail_from
2020-01-11 13:02:53.595224 LOGLEVEL:DEBUG MESSAGE:Entering state mail_from_write. Processing callbacks...
2020-01-11 13:02:53.595276 LOGLEVEL:INFO MESSAGE:Entered state mail_from_write
2020-01-11 13:02:53.595352 LOGLEVEL:DEBUG MESSAGE:Initiating transition from state mail_from_write to state rcpt_to...
2020-01-11 13:02:53.595912 LOGLEVEL:DEBUG MESSAGE:Executed callback 'MAIL_FROM_write_handler' before transition.
2020-01-11 13:02:53.596954 LOGLEVEL:DEBUG MESSAGE:Exiting state mail_from_write. Processing callbacks...
2020-01-11 13:02:53.597031 LOGLEVEL:INFO MESSAGE:Exited state mail_from_write
2020-01-11 13:02:53.597107 LOGLEVEL:DEBUG MESSAGE:Entering state rcpt_to. Processing callbacks...
2020-01-11 13:02:53.597189 LOGLEVEL:INFO MESSAGE:Entered state rcpt_to
2020-01-11 13:02:53.597989 LOGLEVEL:DEBUG MESSAGE:f: asd@sad.com mail to
2020-01-11 13:02:53.597667 LOGLEVEL:DEBUG MESSAGE:Initiating transition from state rcpt_to to state rcpt_to_write...
2020-01-11 13:02:53.597760 LOGLEVEL:DEBUG MESSAGE:Executed callback 'RCPT_TO_handler' before transition.
2020-01-11 13:02:53.598840 LOGLEVEL:DEBUG MESSAGE:Exiting state rcpt_to. Processing callbacks...
2020-01-11 13:02:53.598921 LOGLEVEL:INFO MESSAGE:Exited state rcpt_to
2020-01-11 13:02:53.598984 LOGLEVEL:DEBUG MESSAGE:Entering state rcpt_to_write. Processing callbacks...
2020-01-11 13:02:53.599035 LOGLEVEL:INFO MESSAGE:Entered state rcpt_to_write
2020-01-11 13:02:53.602700 LOGLEVEL:DEBUG MESSAGE:Data started
2020-01-11 13:02:53.599110 LOGLEVEL:DEBUG MESSAGE:Initiating transition from state rcpt_to_write to state data...
2020-01-11 13:02:53.599419 LOGLEVEL:DEBUG MESSAGE:Executed callback 'RCPT_TO_write_handler' before transition.
2020-01-11 13:02:53.600382 LOGLEVEL:DEBUG MESSAGE:Exiting state rcpt_to_write. Processing callbacks...
2020-01-11 13:02:53.600447 LOGLEVEL:INFO MESSAGE:Exited state rcpt_to_write
2020-01-11 13:02:53.600507 LOGLEVEL:DEBUG MESSAGE:Entering state data. Processing callbacks...
2020-01-11 13:02:53.600570 LOGLEVEL:INFO MESSAGE:Entered state data
2020-01-11 13:02:53.600909 LOGLEVEL:DEBUG MESSAGE:Initiating transition from state data to state data_write...
2020-01-11 13:02:53.600999 LOGLEVEL:DEBUG MESSAGE:Executed callback 'DATA_start_handler' before transition.
2020-01-11 13:02:53.601980 LOGLEVEL:DEBUG MESSAGE:Exiting state data. Processing callbacks...
2020-01-11 13:02:53.602042 LOGLEVEL:INFO MESSAGE:Exited state data
2020-01-11 13:02:53.606381 LOGLEVEL:DEBUG MESSAGE:Additional data
2020-01-11 13:02:53.602100 LOGLEVEL:DEBUG MESSAGE:Entering state data_write. Processing callbacks...
2020-01-11 13:02:53.602152 LOGLEVEL:INFO MESSAGE:Entered state data_write
2020-01-11 13:02:53.602220 LOGLEVEL:DEBUG MESSAGE:Initiating transition from state data_write to state data...
2020-01-11 13:02:53.602610 LOGLEVEL:DEBUG MESSAGE:Executed callback 'DATA_start_write_handler' before transition.
2020-01-11 13:02:53.603667 LOGLEVEL:DEBUG MESSAGE:Exiting state data_write. Processing callbacks...
2020-01-11 13:02:53.603746 LOGLEVEL:INFO MESSAGE:Exited state data_write
2020-01-11 13:02:53.603808 LOGLEVEL:DEBUG MESSAGE:Entering state data. Processing callbacks...
2020-01-11 13:02:53.603865 LOGLEVEL:INFO MESSAGE:Entered state data
2020-01-11 13:02:53.604787 LOGLEVEL:DEBUG MESSAGE:Initiating transition from state data to state data...
2020-01-11 13:02:53.604885 LOGLEVEL:DEBUG MESSAGE:Executed callback 'DATA_additional_handler' before transition.
2020-01-11 13:02:53.605925 LOGLEVEL:DEBUG MESSAGE:Exiting state data. Processing callbacks...
2020-01-11 13:02:53.605990 LOGLEVEL:INFO MESSAGE:Exited state data
2020-01-11 13:02:53.606049 LOGLEVEL:DEBUG MESSAGE:Entering state data. Processing callbacks...
2020-01-11 13:02:53.606110 LOGLEVEL:INFO MESSAGE:Entered state data
2020-01-11 13:02:53.649949 LOGLEVEL:DEBUG MESSAGE:Initiating transition from state data to state data_end_write...
2020-01-11 13:02:53.650117 LOGLEVEL:DEBUG MESSAGE:Executed callback 'DATA_end_handler' before transition.
2020-01-11 13:02:53.651155 LOGLEVEL:DEBUG MESSAGE:Exiting state data. Processing callbacks...
2020-01-11 13:02:53.653200 LOGLEVEL:DEBUG MESSAGE:Data end
2020-01-11 13:02:53.651235 LOGLEVEL:INFO MESSAGE:Exited state data
2020-01-11 13:02:53.651302 LOGLEVEL:DEBUG MESSAGE:Entering state data_end_write. Processing callbacks...
2020-01-11 13:02:53.651358 LOGLEVEL:INFO MESSAGE:Entered state data_end_write
2020-01-11 13:02:53.653131 LOGLEVEL:DEBUG MESSAGE:Initiating transition from state data_end_write to state quit...
2020-01-11 13:02:53.653491 LOGLEVEL:DEBUG MESSAGE:Executed callback 'DATA_end_write_handler' before transition.
2020-01-11 13:02:53.654684 LOGLEVEL:DEBUG MESSAGE:Exiting state data_end_write. Processing callbacks...
2020-01-11 13:02:53.654774 LOGLEVEL:INFO MESSAGE:Exited state data_end_write
2020-01-11 13:02:53.654844 LOGLEVEL:DEBUG MESSAGE:Entering state quit. Processing callbacks...
2020-01-11 13:02:53.654901 LOGLEVEL:INFO MESSAGE:Entered state quit
2020-01-11 13:02:53.655804 LOGLEVEL:DEBUG MESSAGE:Initiating transition from state quit to state quit_write...
2020-01-11 13:02:53.656152 LOGLEVEL:DEBUG MESSAGE:Executed callback 'QUIT_handler' before transition.
2020-01-11 13:02:53.657339 LOGLEVEL:DEBUG MESSAGE:Exiting state quit. Processing callbacks...
2020-01-11 13:02:53.657473 LOGLEVEL:INFO MESSAGE:Exited state quit
2020-01-11 13:02:53.657544 LOGLEVEL:DEBUG MESSAGE:Entering state quit_write. Processing callbacks...
2020-01-11 13:02:53.657595 LOGLEVEL:INFO MESSAGE:Entered state quit_write
2020-01-11 13:02:53.657667 LOGLEVEL:DEBUG MESSAGE:Initiating transition from state quit_write to state finish...
2020-01-11 13:02:53.657888 LOGLEVEL:DEBUG MESSAGE:Executed callback 'QUIT_write_handler' before transition.
2020-01-11 13:02:53.658887 LOGLEVEL:DEBUG MESSAGE:Exiting state quit_write. Processing callbacks...
2020-01-11 13:02:53.658971 LOGLEVEL:INFO MESSAGE:Exited state quit_write
2020-01-11 13:02:53.659031 LOGLEVEL:DEBUG MESSAGE:Entering state finish. Processing callbacks...
2020-01-11 13:02:53.659097 LOGLEVEL:INFO MESSAGE:Entered state finish
2020-01-11 13:02:53.659486 LOGLEVEL:DEBUG MESSAGE:Disconnecting..

2020-01-11 13:11:29.233617 LOGLEVEL:DEBUG MESSAGE:Server socket initiated on port: 2556
2020-01-11 13:11:29.247320 LOGLEVEL:DEBUG MESSAGE:Started 5 processes
